Automated contribution log starts here:
Automated contribution on Mon Apr 27 15:19:17 UTC 2026
Automated contribution 1 on Mon Apr 27 15:24:13 UTC 2026
Automated contribution 2 on Mon Apr 27 15:24:13 UTC 2026
Automated contribution 3 on Mon Apr 27 15:24:13 UTC 2026
Automated contribution 4 on Mon Apr 27 15:24:13 UTC 2026
Automated contribution 5 on Mon Apr 27 15:24:13 UTC 2026
Automated contribution 6 on Mon Apr 27 15:24:13 UTC 2026
Automated contribution 7 on Mon Apr 27 15:24:13 UTC 2026
Automated contribution 8 on Mon Apr 27 15:24:13 UTC 2026
Automated contribution 9 on Mon Apr 27 15:24:13 UTC 2026
Automated contribution 1 on Tue Apr 28 03:36:25 UTC 2026
Automated contribution 2 on Tue Apr 28 03:36:25 UTC 2026
Automated contribution 3 on Tue Apr 28 03:36:25 UTC 2026
Automated contribution 4 on Tue Apr 28 03:36:25 UTC 2026
Automated contribution 5 on Tue Apr 28 03:36:25 UTC 2026
Automated contribution 6 on Tue Apr 28 03:36:25 UTC 2026
Automated contribution 7 on Tue Apr 28 03:36:25 UTC 2026
Automated contribution 8 on Tue Apr 28 03:36:25 UTC 2026
Automated contribution 9 on Tue Apr 28 03:36:25 UTC 2026
Automated contribution 10 on Tue Apr 28 03:36:25 UTC 2026
Automated contribution 11 on Tue Apr 28 03:36:25 UTC 2026
Automated contribution 12 on Tue Apr 28 03:36:25 UTC 2026
Automated contribution 13 on Tue Apr 28 03:36:25 UTC 2026
Automated contribution 1 on Wed Apr 29 03:34:09 UTC 2026
Automated contribution 2 on Wed Apr 29 03:34:09 UTC 2026
Automated contribution 3 on Wed Apr 29 03:34:09 UTC 2026
Automated contribution 4 on Wed Apr 29 03:34:09 UTC 2026
Automated contribution 5 on Wed Apr 29 03:34:09 UTC 2026
Automated contribution 6 on Wed Apr 29 03:34:09 UTC 2026
Automated contribution 7 on Wed Apr 29 03:34:09 UTC 2026
Automated contribution 8 on Wed Apr 29 03:34:09 UTC 2026
Automated contribution 9 on Wed Apr 29 03:34:09 UTC 2026
Automated contribution 10 on Wed Apr 29 03:34:09 UTC 2026
Automated contribution 11 on Wed Apr 29 03:34:09 UTC 2026
Automated contribution 12 on Wed Apr 29 03:34:09 UTC 2026
Automated contribution 13 on Wed Apr 29 03:34:09 UTC 2026
Automated contribution 14 on Wed Apr 29 03:34:09 UTC 2026
Automated contribution 1 on Thu Apr 30 03:35:33 UTC 2026
Automated contribution 2 on Thu Apr 30 03:35:33 UTC 2026
Automated contribution 3 on Thu Apr 30 03:35:33 UTC 2026
Automated contribution 4 on Thu Apr 30 03:35:33 UTC 2026
Automated contribution 5 on Thu Apr 30 03:35:33 UTC 2026
Automated contribution 6 on Thu Apr 30 03:35:33 UTC 2026
Automated contribution 7 on Thu Apr 30 03:35:33 UTC 2026
Automated contribution 8 on Thu Apr 30 03:35:33 UTC 2026
Automated contribution 9 on Thu Apr 30 03:35:33 UTC 2026
Automated contribution 10 on Thu Apr 30 03:35:33 UTC 2026
Automated contribution 11 on Thu Apr 30 03:35:33 UTC 2026
Automated contribution 1 on Fri May  1 03:46:55 UTC 2026
Automated contribution 2 on Fri May  1 03:46:55 UTC 2026
Automated contribution 3 on Fri May  1 03:46:55 UTC 2026
Automated contribution 4 on Fri May  1 03:46:55 UTC 2026
Automated contribution 5 on Fri May  1 03:46:55 UTC 2026
Automated contribution 6 on Fri May  1 03:46:55 UTC 2026
Automated contribution 7 on Fri May  1 03:46:55 UTC 2026
Automated contribution 8 on Fri May  1 03:46:55 UTC 2026
Automated contribution 9 on Fri May  1 03:46:55 UTC 2026
Automated contribution 1 on Sat May  2 03:21:16 UTC 2026
Automated contribution 2 on Sat May  2 03:21:16 UTC 2026
Automated contribution 3 on Sat May  2 03:21:16 UTC 2026
Automated contribution 4 on Sat May  2 03:21:16 UTC 2026
Automated contribution 5 on Sat May  2 03:21:16 UTC 2026
Automated contribution 6 on Sat May  2 03:21:16 UTC 2026
Automated contribution 7 on Sat May  2 03:21:16 UTC 2026
Automated contribution 1 on Sun May  3 03:38:55 UTC 2026
Automated contribution 2 on Sun May  3 03:38:55 UTC 2026
Automated contribution 3 on Sun May  3 03:38:55 UTC 2026
Automated contribution 4 on Sun May  3 03:38:55 UTC 2026
Automated contribution 5 on Sun May  3 03:38:55 UTC 2026
Automated contribution 6 on Sun May  3 03:38:55 UTC 2026
Automated contribution 7 on Sun May  3 03:38:55 UTC 2026
Automated contribution 8 on Sun May  3 03:38:55 UTC 2026
Automated contribution 1 on Mon May  4 03:37:18 UTC 2026
Automated contribution 2 on Mon May  4 03:37:18 UTC 2026
Automated contribution 3 on Mon May  4 03:37:18 UTC 2026
Automated contribution 4 on Mon May  4 03:37:18 UTC 2026
Automated contribution 5 on Mon May  4 03:37:18 UTC 2026
Automated contribution 6 on Mon May  4 03:37:18 UTC 2026
Automated contribution 7 on Mon May  4 03:37:18 UTC 2026
Automated contribution 8 on Mon May  4 03:37:18 UTC 2026
Automated contribution 1 on Tue May  5 03:23:58 UTC 2026
Automated contribution 2 on Tue May  5 03:23:58 UTC 2026
Automated contribution 3 on Tue May  5 03:23:58 UTC 2026
Automated contribution 4 on Tue May  5 03:23:58 UTC 2026
Automated contribution 5 on Tue May  5 03:23:58 UTC 2026
Automated contribution 6 on Tue May  5 03:23:58 UTC 2026
Automated contribution 7 on Tue May  5 03:23:58 UTC 2026
Automated contribution 8 on Tue May  5 03:23:58 UTC 2026
Automated contribution 1 on Wed May  6 03:34:07 UTC 2026
Automated contribution 2 on Wed May  6 03:34:07 UTC 2026
Automated contribution 3 on Wed May  6 03:34:07 UTC 2026
Automated contribution 4 on Wed May  6 03:34:07 UTC 2026
Automated contribution 5 on Wed May  6 03:34:07 UTC 2026
Automated contribution 6 on Wed May  6 03:34:07 UTC 2026
Automated contribution 7 on Wed May  6 03:34:07 UTC 2026
Automated contribution 8 on Wed May  6 03:34:07 UTC 2026
Automated contribution 9 on Wed May  6 03:34:07 UTC 2026
Automated contribution 10 on Wed May  6 03:34:07 UTC 2026
Automated contribution 11 on Wed May  6 03:34:07 UTC 2026
Automated contribution 1 on Thu May  7 03:34:22 UTC 2026
Automated contribution 2 on Thu May  7 03:34:22 UTC 2026
Automated contribution 3 on Thu May  7 03:34:22 UTC 2026
Automated contribution 4 on Thu May  7 03:34:22 UTC 2026
Automated contribution 5 on Thu May  7 03:34:22 UTC 2026
Automated contribution 6 on Thu May  7 03:34:22 UTC 2026
Automated contribution 7 on Thu May  7 03:34:22 UTC 2026
Automated contribution 8 on Thu May  7 03:34:22 UTC 2026
Automated contribution 9 on Thu May  7 03:34:22 UTC 2026
Automated contribution 1 on Fri May  8 03:29:47 UTC 2026
Automated contribution 2 on Fri May  8 03:29:47 UTC 2026
Automated contribution 3 on Fri May  8 03:29:47 UTC 2026
Automated contribution 4 on Fri May  8 03:29:47 UTC 2026
Automated contribution 5 on Fri May  8 03:29:47 UTC 2026
Automated contribution 6 on Fri May  8 03:29:47 UTC 2026
Automated contribution 7 on Fri May  8 03:29:47 UTC 2026
Automated contribution 8 on Fri May  8 03:29:47 UTC 2026
Automated contribution 1 on Sat May  9 03:29:14 UTC 2026
Automated contribution 2 on Sat May  9 03:29:14 UTC 2026
Automated contribution 3 on Sat May  9 03:29:14 UTC 2026
Automated contribution 4 on Sat May  9 03:29:14 UTC 2026
Automated contribution 5 on Sat May  9 03:29:14 UTC 2026
Automated contribution 6 on Sat May  9 03:29:14 UTC 2026
Automated contribution 7 on Sat May  9 03:29:14 UTC 2026
Automated contribution 8 on Sat May  9 03:29:14 UTC 2026
Automated contribution 9 on Sat May  9 03:29:14 UTC 2026
Automated contribution 10 on Sat May  9 03:29:14 UTC 2026
Automated contribution 11 on Sat May  9 03:29:14 UTC 2026
Automated contribution 1 on Sun May 10 03:41:32 UTC 2026
Automated contribution 2 on Sun May 10 03:41:32 UTC 2026
Automated contribution 3 on Sun May 10 03:41:32 UTC 2026
Automated contribution 4 on Sun May 10 03:41:32 UTC 2026
Automated contribution 5 on Sun May 10 03:41:32 UTC 2026
Automated contribution 6 on Sun May 10 03:41:32 UTC 2026
Automated contribution 1 on Mon May 11 03:54:53 UTC 2026
Automated contribution 2 on Mon May 11 03:54:53 UTC 2026
Automated contribution 3 on Mon May 11 03:54:53 UTC 2026
Automated contribution 4 on Mon May 11 03:54:53 UTC 2026
Automated contribution 5 on Mon May 11 03:54:53 UTC 2026
Automated contribution 6 on Mon May 11 03:54:53 UTC 2026
Automated contribution 7 on Mon May 11 03:54:53 UTC 2026
Automated contribution 1 on Tue May 12 03:38:09 UTC 2026
Automated contribution 2 on Tue May 12 03:38:09 UTC 2026
Automated contribution 3 on Tue May 12 03:38:09 UTC 2026
Automated contribution 4 on Tue May 12 03:38:09 UTC 2026
Automated contribution 5 on Tue May 12 03:38:09 UTC 2026
Automated contribution 6 on Tue May 12 03:38:09 UTC 2026
Automated contribution 7 on Tue May 12 03:38:09 UTC 2026
Automated contribution 8 on Tue May 12 03:38:09 UTC 2026
Automated contribution 9 on Tue May 12 03:38:09 UTC 2026
Automated contribution 10 on Tue May 12 03:38:09 UTC 2026
Automated contribution 11 on Tue May 12 03:38:09 UTC 2026
Automated contribution 12 on Tue May 12 03:38:09 UTC 2026
Automated contribution 13 on Tue May 12 03:38:09 UTC 2026
Automated contribution 14 on Tue May 12 03:38:09 UTC 2026
Automated contribution 15 on Tue May 12 03:38:09 UTC 2026
Automated contribution 16 on Tue May 12 03:38:09 UTC 2026
Automated contribution 17 on Tue May 12 03:38:09 UTC 2026
Automated contribution 18 on Tue May 12 03:38:09 UTC 2026
Automated contribution 19 on Tue May 12 03:38:09 UTC 2026
Automated contribution 20 on Tue May 12 03:38:09 UTC 2026
Automated contribution 21 on Tue May 12 03:38:09 UTC 2026
Automated contribution 22 on Tue May 12 03:38:09 UTC 2026
Automated contribution 23 on Tue May 12 03:38:09 UTC 2026
Automated contribution 24 on Tue May 12 03:38:09 UTC 2026
Automated contribution 1 on Wed May 13 03:47:27 UTC 2026
Automated contribution 2 on Wed May 13 03:47:27 UTC 2026
Automated contribution 3 on Wed May 13 03:47:27 UTC 2026
Automated contribution 4 on Wed May 13 03:47:27 UTC 2026
Automated contribution 5 on Wed May 13 03:47:27 UTC 2026
Automated contribution 6 on Wed May 13 03:47:27 UTC 2026
Automated contribution 7 on Wed May 13 03:47:27 UTC 2026
Automated contribution 8 on Wed May 13 03:47:27 UTC 2026
Automated contribution 9 on Wed May 13 03:47:28 UTC 2026
Automated contribution 10 on Wed May 13 03:47:28 UTC 2026
Automated contribution 11 on Wed May 13 03:47:28 UTC 2026
Automated contribution 12 on Wed May 13 03:47:28 UTC 2026
Automated contribution 13 on Wed May 13 03:47:28 UTC 2026
Automated contribution 14 on Wed May 13 03:47:28 UTC 2026
Automated contribution 15 on Wed May 13 03:47:28 UTC 2026
Automated contribution 16 on Wed May 13 03:47:28 UTC 2026
Automated contribution 1 on Thu May 14 03:46:20 UTC 2026
Automated contribution 2 on Thu May 14 03:46:20 UTC 2026
Automated contribution 3 on Thu May 14 03:46:20 UTC 2026
Automated contribution 4 on Thu May 14 03:46:20 UTC 2026
Automated contribution 5 on Thu May 14 03:46:20 UTC 2026
Automated contribution 6 on Thu May 14 03:46:20 UTC 2026
Automated contribution 7 on Thu May 14 03:46:20 UTC 2026
Automated contribution 8 on Thu May 14 03:46:20 UTC 2026
Automated contribution 9 on Thu May 14 03:46:20 UTC 2026
Automated contribution 10 on Thu May 14 03:46:20 UTC 2026
Automated contribution 11 on Thu May 14 03:46:20 UTC 2026
Automated contribution 12 on Thu May 14 03:46:20 UTC 2026
Automated contribution 1 on Fri May 15 03:50:50 UTC 2026
Automated contribution 2 on Fri May 15 03:50:50 UTC 2026
Automated contribution 3 on Fri May 15 03:50:50 UTC 2026
Automated contribution 4 on Fri May 15 03:50:50 UTC 2026
Automated contribution 5 on Fri May 15 03:50:50 UTC 2026
Automated contribution 6 on Fri May 15 03:50:50 UTC 2026
Automated contribution 7 on Fri May 15 03:50:50 UTC 2026
Automated contribution 1 on Sat May 16 03:33:05 UTC 2026
Automated contribution 2 on Sat May 16 03:33:05 UTC 2026
Automated contribution 3 on Sat May 16 03:33:05 UTC 2026
Automated contribution 4 on Sat May 16 03:33:05 UTC 2026
Automated contribution 5 on Sat May 16 03:33:05 UTC 2026
Automated contribution 6 on Sat May 16 03:33:05 UTC 2026
Automated contribution 1 on Sun May 17 03:51:24 UTC 2026
Automated contribution 2 on Sun May 17 03:51:24 UTC 2026
Automated contribution 3 on Sun May 17 03:51:24 UTC 2026
Automated contribution 4 on Sun May 17 03:51:24 UTC 2026
Automated contribution 5 on Sun May 17 03:51:24 UTC 2026
Automated contribution 6 on Sun May 17 03:51:24 UTC 2026
Automated contribution 1 on Mon May 18 04:03:26 UTC 2026
Automated contribution 2 on Mon May 18 04:03:26 UTC 2026
Automated contribution 3 on Mon May 18 04:03:26 UTC 2026
Automated contribution 4 on Mon May 18 04:03:26 UTC 2026
Automated contribution 5 on Mon May 18 04:03:26 UTC 2026
Automated contribution 6 on Mon May 18 04:03:26 UTC 2026
Automated contribution 7 on Mon May 18 04:03:26 UTC 2026
Automated contribution 8 on Mon May 18 04:03:26 UTC 2026
Automated contribution 1 on Tue May 19 03:56:53 UTC 2026
Automated contribution 2 on Tue May 19 03:56:53 UTC 2026
Automated contribution 3 on Tue May 19 03:56:53 UTC 2026
Automated contribution 4 on Tue May 19 03:56:53 UTC 2026
Automated contribution 5 on Tue May 19 03:56:53 UTC 2026
Automated contribution 6 on Tue May 19 03:56:53 UTC 2026
Automated contribution 7 on Tue May 19 03:56:53 UTC 2026
Automated contribution 1 on Wed May 20 03:57:35 UTC 2026
Automated contribution 2 on Wed May 20 03:57:35 UTC 2026
Automated contribution 3 on Wed May 20 03:57:35 UTC 2026
Automated contribution 4 on Wed May 20 03:57:35 UTC 2026
Automated contribution 5 on Wed May 20 03:57:35 UTC 2026
Automated contribution 1 on Thu May 21 04:06:39 UTC 2026
Automated contribution 2 on Thu May 21 04:06:39 UTC 2026
Automated contribution 3 on Thu May 21 04:06:39 UTC 2026
Automated contribution 4 on Thu May 21 04:06:39 UTC 2026
Automated contribution 5 on Thu May 21 04:06:39 UTC 2026
Automated contribution 6 on Thu May 21 04:06:39 UTC 2026
Automated contribution 1 on Fri May 22 04:01:41 UTC 2026
Automated contribution 2 on Fri May 22 04:01:41 UTC 2026
Automated contribution 3 on Fri May 22 04:01:41 UTC 2026
Automated contribution 4 on Fri May 22 04:01:41 UTC 2026
Automated contribution 5 on Fri May 22 04:01:41 UTC 2026
Automated contribution 6 on Fri May 22 04:01:41 UTC 2026
Automated contribution 7 on Fri May 22 04:01:41 UTC 2026
Automated contribution 8 on Fri May 22 04:01:41 UTC 2026
Automated contribution 9 on Fri May 22 04:01:41 UTC 2026
Automated contribution 10 on Fri May 22 04:01:41 UTC 2026
Automated contribution 1 on Sat May 23 03:38:42 UTC 2026
Automated contribution 2 on Sat May 23 03:38:42 UTC 2026
Automated contribution 3 on Sat May 23 03:38:42 UTC 2026
Automated contribution 4 on Sat May 23 03:38:42 UTC 2026
Automated contribution 5 on Sat May 23 03:38:42 UTC 2026
Automated contribution 6 on Sat May 23 03:38:42 UTC 2026
Automated contribution 7 on Sat May 23 03:38:42 UTC 2026
Automated contribution 8 on Sat May 23 03:38:42 UTC 2026
Automated contribution 9 on Sat May 23 03:38:42 UTC 2026
Automated contribution 10 on Sat May 23 03:38:42 UTC 2026
Automated contribution 11 on Sat May 23 03:38:42 UTC 2026
Automated contribution 12 on Sat May 23 03:38:42 UTC 2026
Automated contribution 13 on Sat May 23 03:38:42 UTC 2026
Automated contribution 14 on Sat May 23 03:38:42 UTC 2026
Automated contribution 1 on Sun May 24 04:00:26 UTC 2026
Automated contribution 2 on Sun May 24 04:00:26 UTC 2026
Automated contribution 3 on Sun May 24 04:00:26 UTC 2026
Automated contribution 4 on Sun May 24 04:00:26 UTC 2026
Automated contribution 5 on Sun May 24 04:00:26 UTC 2026
Automated contribution 6 on Sun May 24 04:00:26 UTC 2026
Automated contribution 1 on Mon May 25 04:12:06 UTC 2026
Automated contribution 2 on Mon May 25 04:12:06 UTC 2026
Automated contribution 3 on Mon May 25 04:12:06 UTC 2026
Automated contribution 4 on Mon May 25 04:12:06 UTC 2026
Automated contribution 5 on Mon May 25 04:12:06 UTC 2026
Automated contribution 6 on Mon May 25 04:12:06 UTC 2026
Automated contribution 7 on Mon May 25 04:12:06 UTC 2026
Automated contribution 8 on Mon May 25 04:12:06 UTC 2026
Automated contribution 9 on Mon May 25 04:12:06 UTC 2026
Automated contribution 10 on Mon May 25 04:12:06 UTC 2026
Automated contribution 11 on Mon May 25 04:12:06 UTC 2026
Automated contribution 12 on Mon May 25 04:12:06 UTC 2026
Automated contribution 13 on Mon May 25 04:12:06 UTC 2026
Automated contribution 14 on Mon May 25 04:12:06 UTC 2026
Automated contribution 15 on Mon May 25 04:12:06 UTC 2026
Automated contribution 16 on Mon May 25 04:12:06 UTC 2026
Automated contribution 17 on Mon May 25 04:12:06 UTC 2026
Automated contribution 1 on Tue May 26 03:57:38 UTC 2026
Automated contribution 2 on Tue May 26 03:57:38 UTC 2026
Automated contribution 3 on Tue May 26 03:57:38 UTC 2026
Automated contribution 4 on Tue May 26 03:57:38 UTC 2026
Automated contribution 5 on Tue May 26 03:57:38 UTC 2026
Automated contribution 6 on Tue May 26 03:57:38 UTC 2026
Automated contribution 7 on Tue May 26 03:57:38 UTC 2026
Automated contribution 8 on Tue May 26 03:57:38 UTC 2026
Automated contribution 9 on Tue May 26 03:57:38 UTC 2026
Automated contribution 10 on Tue May 26 03:57:38 UTC 2026
Automated contribution 11 on Tue May 26 03:57:38 UTC 2026
Automated contribution 1 on Wed May 27 04:11:40 UTC 2026
Automated contribution 2 on Wed May 27 04:11:40 UTC 2026
Automated contribution 3 on Wed May 27 04:11:40 UTC 2026
Automated contribution 4 on Wed May 27 04:11:40 UTC 2026
Automated contribution 5 on Wed May 27 04:11:40 UTC 2026
Automated contribution 6 on Wed May 27 04:11:40 UTC 2026
Automated contribution 7 on Wed May 27 04:11:40 UTC 2026
Automated contribution 8 on Wed May 27 04:11:40 UTC 2026
Automated contribution 9 on Wed May 27 04:11:40 UTC 2026
Automated contribution 10 on Wed May 27 04:11:40 UTC 2026
Automated contribution 11 on Wed May 27 04:11:40 UTC 2026
Automated contribution 12 on Wed May 27 04:11:40 UTC 2026
Automated contribution 13 on Wed May 27 04:11:40 UTC 2026
Automated contribution 14 on Wed May 27 04:11:40 UTC 2026
Automated contribution 1 on Thu May 28 03:59:23 UTC 2026
Automated contribution 2 on Thu May 28 03:59:23 UTC 2026
Automated contribution 3 on Thu May 28 03:59:23 UTC 2026
Automated contribution 4 on Thu May 28 03:59:23 UTC 2026
Automated contribution 5 on Thu May 28 03:59:23 UTC 2026
Automated contribution 6 on Thu May 28 03:59:23 UTC 2026
Automated contribution 7 on Thu May 28 03:59:23 UTC 2026
Automated contribution 8 on Thu May 28 03:59:23 UTC 2026
Automated contribution 9 on Thu May 28 03:59:23 UTC 2026
Automated contribution 10 on Thu May 28 03:59:23 UTC 2026
Automated contribution 11 on Thu May 28 03:59:23 UTC 2026
Automated contribution 12 on Thu May 28 03:59:23 UTC 2026
Automated contribution 13 on Thu May 28 03:59:23 UTC 2026
Automated contribution 14 on Thu May 28 03:59:23 UTC 2026
Automated contribution 15 on Thu May 28 03:59:23 UTC 2026
Automated contribution 16 on Thu May 28 03:59:23 UTC 2026
Automated contribution 17 on Thu May 28 03:59:23 UTC 2026
Automated contribution 18 on Thu May 28 03:59:23 UTC 2026
Automated contribution 19 on Thu May 28 03:59:23 UTC 2026
Automated contribution 20 on Thu May 28 03:59:23 UTC 2026
Automated contribution 1 on Fri May 29 04:01:26 UTC 2026
Automated contribution 2 on Fri May 29 04:01:26 UTC 2026
Automated contribution 3 on Fri May 29 04:01:26 UTC 2026
Automated contribution 4 on Fri May 29 04:01:26 UTC 2026
Automated contribution 5 on Fri May 29 04:01:26 UTC 2026
Automated contribution 6 on Fri May 29 04:01:26 UTC 2026
Automated contribution 7 on Fri May 29 04:01:26 UTC 2026
Automated contribution 8 on Fri May 29 04:01:26 UTC 2026
Automated contribution 9 on Fri May 29 04:01:26 UTC 2026
Automated contribution 10 on Fri May 29 04:01:26 UTC 2026
Automated contribution 11 on Fri May 29 04:01:26 UTC 2026
Automated contribution 12 on Fri May 29 04:01:26 UTC 2026
Automated contribution 13 on Fri May 29 04:01:26 UTC 2026
Automated contribution 14 on Fri May 29 04:01:26 UTC 2026
Automated contribution 15 on Fri May 29 04:01:26 UTC 2026
Automated contribution 16 on Fri May 29 04:01:26 UTC 2026
Automated contribution 17 on Fri May 29 04:01:26 UTC 2026
Automated contribution 18 on Fri May 29 04:01:26 UTC 2026
Automated contribution 19 on Fri May 29 04:01:26 UTC 2026
Automated contribution 20 on Fri May 29 04:01:26 UTC 2026
Automated contribution 21 on Fri May 29 04:01:26 UTC 2026
Automated contribution 1 on Sat May 30 03:49:14 UTC 2026
Automated contribution 2 on Sat May 30 03:49:14 UTC 2026
Automated contribution 3 on Sat May 30 03:49:14 UTC 2026
Automated contribution 4 on Sat May 30 03:49:14 UTC 2026
Automated contribution 5 on Sat May 30 03:49:14 UTC 2026
Automated contribution 6 on Sat May 30 03:49:14 UTC 2026
Automated contribution 7 on Sat May 30 03:49:14 UTC 2026
Automated contribution 8 on Sat May 30 03:49:14 UTC 2026
Automated contribution 9 on Sat May 30 03:49:14 UTC 2026
Automated contribution 10 on Sat May 30 03:49:14 UTC 2026
Automated contribution 11 on Sat May 30 03:49:14 UTC 2026
Automated contribution 1 on Sun May 31 04:13:40 UTC 2026
Automated contribution 2 on Sun May 31 04:13:40 UTC 2026
Automated contribution 3 on Sun May 31 04:13:40 UTC 2026
Automated contribution 4 on Sun May 31 04:13:40 UTC 2026
Automated contribution 5 on Sun May 31 04:13:40 UTC 2026
Automated contribution 6 on Sun May 31 04:13:40 UTC 2026
Automated contribution 7 on Sun May 31 04:13:40 UTC 2026
Automated contribution 8 on Sun May 31 04:13:40 UTC 2026
Automated contribution 9 on Sun May 31 04:13:40 UTC 2026
Automated contribution 10 on Sun May 31 04:13:40 UTC 2026
Automated contribution 11 on Sun May 31 04:13:40 UTC 2026
Automated contribution 12 on Sun May 31 04:13:40 UTC 2026
Automated contribution 13 on Sun May 31 04:13:40 UTC 2026
Automated contribution 14 on Sun May 31 04:13:40 UTC 2026
Automated contribution 15 on Sun May 31 04:13:40 UTC 2026
Automated contribution 16 on Sun May 31 04:13:40 UTC 2026
Automated contribution 17 on Sun May 31 04:13:40 UTC 2026
Automated contribution 18 on Sun May 31 04:13:40 UTC 2026
Automated contribution 19 on Sun May 31 04:13:40 UTC 2026
Automated contribution 1 on Mon Jun  1 04:27:27 UTC 2026
Automated contribution 2 on Mon Jun  1 04:27:27 UTC 2026
Automated contribution 3 on Mon Jun  1 04:27:27 UTC 2026
Automated contribution 4 on Mon Jun  1 04:27:27 UTC 2026
Automated contribution 5 on Mon Jun  1 04:27:27 UTC 2026
Automated contribution 6 on Mon Jun  1 04:27:27 UTC 2026
Automated contribution 7 on Mon Jun  1 04:27:28 UTC 2026
Automated contribution 8 on Mon Jun  1 04:27:28 UTC 2026
Automated contribution 9 on Mon Jun  1 04:27:28 UTC 2026
Automated contribution 10 on Mon Jun  1 04:27:28 UTC 2026
Automated contribution 11 on Mon Jun  1 04:27:28 UTC 2026
Automated contribution 1 on Tue Jun  2 04:20:55 UTC 2026
Automated contribution 2 on Tue Jun  2 04:20:55 UTC 2026
Automated contribution 3 on Tue Jun  2 04:20:55 UTC 2026
Automated contribution 4 on Tue Jun  2 04:20:55 UTC 2026
Automated contribution 5 on Tue Jun  2 04:20:55 UTC 2026
Automated contribution 6 on Tue Jun  2 04:20:55 UTC 2026
Automated contribution 7 on Tue Jun  2 04:20:55 UTC 2026
Automated contribution 8 on Tue Jun  2 04:20:55 UTC 2026
Automated contribution 9 on Tue Jun  2 04:20:55 UTC 2026
Automated contribution 1 on Wed Jun  3 04:40:25 UTC 2026
Automated contribution 2 on Wed Jun  3 04:40:25 UTC 2026
Automated contribution 3 on Wed Jun  3 04:40:25 UTC 2026
Automated contribution 4 on Wed Jun  3 04:40:25 UTC 2026
Automated contribution 5 on Wed Jun  3 04:40:25 UTC 2026
Automated contribution 6 on Wed Jun  3 04:40:25 UTC 2026
Automated contribution 7 on Wed Jun  3 04:40:25 UTC 2026
Automated contribution 8 on Wed Jun  3 04:40:25 UTC 2026
Automated contribution 1 on Thu Jun  4 04:25:25 UTC 2026
Automated contribution 2 on Thu Jun  4 04:25:25 UTC 2026
Automated contribution 3 on Thu Jun  4 04:25:25 UTC 2026
Automated contribution 4 on Thu Jun  4 04:25:25 UTC 2026
Automated contribution 5 on Thu Jun  4 04:25:25 UTC 2026
Automated contribution 6 on Thu Jun  4 04:25:25 UTC 2026
Automated contribution 1 on Fri Jun  5 04:08:24 UTC 2026
Automated contribution 2 on Fri Jun  5 04:08:24 UTC 2026
Automated contribution 3 on Fri Jun  5 04:08:24 UTC 2026
Automated contribution 4 on Fri Jun  5 04:08:24 UTC 2026
Automated contribution 5 on Fri Jun  5 04:08:24 UTC 2026
Automated contribution 6 on Fri Jun  5 04:08:24 UTC 2026
Automated contribution 7 on Fri Jun  5 04:08:24 UTC 2026
Automated contribution 8 on Fri Jun  5 04:08:24 UTC 2026
Automated contribution 9 on Fri Jun  5 04:08:24 UTC 2026
Automated contribution 1 on Sat Jun  6 03:52:39 UTC 2026
Automated contribution 2 on Sat Jun  6 03:52:39 UTC 2026
Automated contribution 3 on Sat Jun  6 03:52:39 UTC 2026
Automated contribution 4 on Sat Jun  6 03:52:39 UTC 2026
Automated contribution 5 on Sat Jun  6 03:52:39 UTC 2026
Automated contribution 6 on Sat Jun  6 03:52:39 UTC 2026
Automated contribution 7 on Sat Jun  6 03:52:39 UTC 2026
Automated contribution 1 on Sun Jun  7 04:18:31 UTC 2026
Automated contribution 2 on Sun Jun  7 04:18:31 UTC 2026
Automated contribution 3 on Sun Jun  7 04:18:31 UTC 2026
Automated contribution 4 on Sun Jun  7 04:18:31 UTC 2026
Automated contribution 5 on Sun Jun  7 04:18:31 UTC 2026
Automated contribution 6 on Sun Jun  7 04:18:31 UTC 2026
Automated contribution 7 on Sun Jun  7 04:18:31 UTC 2026
Automated contribution 8 on Sun Jun  7 04:18:31 UTC 2026
Automated contribution 9 on Sun Jun  7 04:18:31 UTC 2026
Automated contribution 10 on Sun Jun  7 04:18:31 UTC 2026
Automated contribution 11 on Sun Jun  7 04:18:31 UTC 2026
Automated contribution 12 on Sun Jun  7 04:18:31 UTC 2026
Automated contribution 13 on Sun Jun  7 04:18:31 UTC 2026
Automated contribution 14 on Sun Jun  7 04:18:31 UTC 2026
Automated contribution 1 on Mon Jun  8 04:22:53 UTC 2026
Automated contribution 2 on Mon Jun  8 04:22:53 UTC 2026
Automated contribution 3 on Mon Jun  8 04:22:53 UTC 2026
Automated contribution 4 on Mon Jun  8 04:22:53 UTC 2026
Automated contribution 5 on Mon Jun  8 04:22:53 UTC 2026
Automated contribution 6 on Mon Jun  8 04:22:53 UTC 2026
Automated contribution 7 on Mon Jun  8 04:22:53 UTC 2026
Automated contribution 8 on Mon Jun  8 04:22:53 UTC 2026
Automated contribution 9 on Mon Jun  8 04:22:53 UTC 2026
Automated contribution 10 on Mon Jun  8 04:22:53 UTC 2026
Automated contribution 11 on Mon Jun  8 04:22:53 UTC 2026
Automated contribution 12 on Mon Jun  8 04:22:53 UTC 2026
Automated contribution 13 on Mon Jun  8 04:22:53 UTC 2026
Automated contribution 14 on Mon Jun  8 04:22:53 UTC 2026
Automated contribution 15 on Mon Jun  8 04:22:53 UTC 2026
Automated contribution 1 on Tue Jun  9 03:54:22 UTC 2026
Automated contribution 2 on Tue Jun  9 03:54:22 UTC 2026
Automated contribution 3 on Tue Jun  9 03:54:22 UTC 2026
Automated contribution 4 on Tue Jun  9 03:54:22 UTC 2026
Automated contribution 5 on Tue Jun  9 03:54:22 UTC 2026
Automated contribution 6 on Tue Jun  9 03:54:22 UTC 2026
Automated contribution 1 on Wed Jun 10 04:05:42 UTC 2026
Automated contribution 2 on Wed Jun 10 04:05:42 UTC 2026
Automated contribution 3 on Wed Jun 10 04:05:42 UTC 2026
Automated contribution 4 on Wed Jun 10 04:05:42 UTC 2026
Automated contribution 5 on Wed Jun 10 04:05:42 UTC 2026
Automated contribution 6 on Wed Jun 10 04:05:42 UTC 2026
Automated contribution 7 on Wed Jun 10 04:05:42 UTC 2026
Automated contribution 8 on Wed Jun 10 04:05:42 UTC 2026
Automated contribution 9 on Wed Jun 10 04:05:42 UTC 2026
Automated contribution 10 on Wed Jun 10 04:05:42 UTC 2026
Automated contribution 11 on Wed Jun 10 04:05:42 UTC 2026
Automated contribution 12 on Wed Jun 10 04:05:42 UTC 2026
Automated contribution 13 on Wed Jun 10 04:05:42 UTC 2026
Automated contribution 14 on Wed Jun 10 04:05:42 UTC 2026
Automated contribution 15 on Wed Jun 10 04:05:42 UTC 2026
Automated contribution 1 on Thu Jun 11 04:19:06 UTC 2026
Automated contribution 2 on Thu Jun 11 04:19:06 UTC 2026
Automated contribution 3 on Thu Jun 11 04:19:06 UTC 2026
Automated contribution 4 on Thu Jun 11 04:19:06 UTC 2026
